[CommunicationLog]
R [0B096B4F] : 003B000000000000003F100000B010488046A000000000488000000000AFD0E5B00C10F13FD04000FF800
S [0B096B30] : (40)
R [0B096B30] : 01
S [0B096B30] : (34)
R [0B096B30] : 010F13FD
S [0B096B21] : (35)
R [0B096B21] : 003B000000000000003F100000B010488046A000000000488000000000AFD0E5B00C10F13FD04000FF800
S [0B096B11] : (40)
R [0B096B11] : 01
S [0B096AF2] : (34)
R [0B096AF2] : 010F13FD
S [0B096AF2] : (35)
R [0AD55ED9] : 0
S [0AD55E8B] : (330F3DD9)
R [0AD55E8B] : 0000000000000000000000000000000000000000000000000000000000000138400010F3DD90000000000
S [0AD55E4C] : (40)
R [0AD55E0E] : 0
S [0AD55BEB] : (07)
R [0AD2EA4F] : 0
S [0AD2EA01] : (410F140000080)
R [0AD2EA01] : 0
S [0AD2E9C2] : (410F138000080)
R [0AD2E9C2] : 0000000000000000000000000000000000000000000000000000000000000138400010F3DD90000000000
S [0AD2E993] : (40)
R [0AD2E984] : 0
S [0AD2E926] : (21)
R [0AD2E926] : 0
S [0AD2D6C7] : 0B
R [0AD2D6C7] : 0
S [0AD2D2A0] : (0B)
R [0AD2D262] : 0
S [0AD2D03F] : (07)
R [0AD2BB01] : 01D0001000000000003F100000AD4000004CC0005000004CC000000000AD00E5B00C50F13E704000FF800
S [0AD2BAE2] : (40)
R [0AD2BAE2] : 01
S [0AD2BAE2] : (34)
R [0AD2BAE2] : 010F13E7
S [0AD2BAE2] : (35)
R [0AD2BAE2] : 01D0001000000000003F100000AD4000004CC0005000004CC000000000AD00E5B00C50F13E704000FF800
S [0AD2BAC3] : (40)
R [0AD2BAC3] : 01
S [0AD2BAB3] : (34)
R [0AD2BAB3] : 010F13E7
S [0AD2BAA4] : (35)
R [0AD213A6] : 0
S [0AD21357] : (330F3DD5)
R [0AD21357] : 0000000000000000000000000000000000000000000000000000000000000138400010F3DD50000000000
S [0AD21319] : (40)
R [0AD212DA] : 0
S [0AD210C7] : (07)
R [0AD20F21] : 0
S [0AD20ED3] : (410F140000080)
R [0AD20ED3] : 0
S [0AD20E85] : (410F138000080)
R [0AD20E85] : 0000000000000000000000000000000000000000000000000000000000000138400010F3DD50000000000
S [0AD20E56] : (40)
R [0AD20E56] : 0
S [0AD20DF8] : (21)
R [0AD20DF8] : 0
S [0AD1FB99] : 0B
R [0AD1FB99] : 0
S [0AD1F773] : (0B)
R [0AD1F734] : 0
S [0AD1F511] : (07)
R [0AD13125] : 0
S [0AD13106] : (410F140000080)
R [0AD13106] : 0
S [0AD130F6] : (410F138000080)
R [0AD12E85] : 01DBA00000000000003F100000B21000004CC0001000004CC000000000B1D0E5B00C50F13EF04000FF800
S [0AD12E76] : (40)
R [0AD12E76] : 01
S [0AD12E76] : (34)
R [0AD12E76] : 010F13EF
S [0AD12E66] : (35)
R [0AD12E66] : 01DBA00000000000003F100000B21000004CC0001000004CC000000000B1D0E5B00C50F13EF04000FF800
S [0AD12E56] : (40)
R [0AD12E56] : 01
S [0AD12E37] : (34)
R [0AD12E37] : 010F13EF
S [0AD12E37] : (35)
R [0AD10D32] : 0
S [0AD10CE4] : (330F3DD5)
R [0AD10CE4] : 0000000000000000000000000000000000000000000000000000000000000138400010F3DD50000000000
S [0AD10CA5] : (40)
R [0AD10C67] : 0
S [0AD10A54] : (07)
R [0AD106F8] : 0
S [0AD106AA] : (410F140000080)
R [0AD106AA] : 0
S [0AD1066C] : (410F138000080)
R [0AD1066C] : 0000000000000000000000000000000000000000000000000000000000000138400010F3DD50000000000
S [0AD1063D] : (40)
R [0AD1062D] : 0
S [0AD105CF] : (21)
R [0AD105CF] : 0
S [0AD0F370] : 0B
R [0AD0F370] : 0
S [0AD0EF4A] : (0B)
R [0AD0EF0B] : 0
S [0AD0ECF8] : (07)
R [0AD07BC0] : 0
S [0AD07BA0] : (410F140000080)
R [0AD07BA0] : 0
S [0AD07B91] : (410F138000080)
R [0AD07B33] : 0243A00000000000003F100000B21000004CC0005000004CC000000000B1D0E5B00C50F13E704000FF800
S [0AD07B23] : (40)
R [0AD07B23] : 01
S [0AD07B14] : (34)
R [0AD07B14] : 010F13E7
S [0AD07B14] : (35)
R [0AD07B14] : 0243A00000000000003F100000B21000004CC0005000004CC000000000B1D0E5B00C50F13E704000FF800
S [0AD07AF5] : (40)
R [0AD07AF5] : 01
S [0AD07AE5] : (34)
R [0AD07AE5] : 010F13E7
S [0AD07AD5] : (35)
R [0AD057CD] : 0
S [0AD0577E] : (330F3DD5)
R [0AD0577E] : 0000000000000000000000000000000000000000000000000000000000000138400010F3DD50000000000
S [0AD05740] : (40)
R [0AD05701] : 0
S [0AD054EE] : (07)
R [0AD04CD0] : 0
S [0AD04C82] : (410F140000080)
R [0AD04C82] : 0
S [0AD04C34] : (410F138000080)
R [0AD04C34] : 0000000000000000000000000000000000000000000000000000000000000138400010F3DD50000000000
S [0AD04C05] : (40)
R [0AD04C05] : 0
S [0AD04B98] : (21)
R [0AD04B98] : 0
S [0AD03948] : 0B
R [0AD03948] : 0
S [0AD03522] : (0B)
R [0AD034E3] : 0
S [0AD032D0] : (07)
R [0AD009CC] : 00B1B00000000000003F100000B210488046A000000000488000000000B1D0E5B00C10F13F704000FF800
S [0AD009AD] : (40)
R [0AD009AD] : 01
S [0AD009AD] : (34)
R [0AD009AD] : 010F13F7
S [0AD009AD] : (35)
R [0AD009AD] : 00B1B00000000000003F100000B210488046A000000000488000000000B1D0E5B00C10F13F704000FF800
S [0AD0098D] : (40)
R [0AD0098D] : 01
S [0AD0096E] : (34)
R [0AD0096E] : 010F13F7
S [0AD0096E] : (35)
R [0ACFAF58] : 0
S [0ACFAF09] : (330F3DD5)
R [0ACFAF09] : 0000000000000000000000000000000000000000000000000000000000000138400010F3DD50000000000
S [0ACFAECB] : (40)
R [0ACFAE8C] : 0
S [0ACFAC79] : (07)
R [0ACFA6BC] : 0
S [0ACFA66E] : (410F140000080)
R [0ACFA66E] : 0
S [0ACFA620] : (410F138000080)
R [0ACFA620] : 0000000000000000000000000000000000000000000000000000000000000138400010F3DD50000000000
S [0ACFA5F1] : (40)
R [0ACFA5F1] : 0
S [0ACFA584] : (21)
R [0ACFA584] : 0
S [0ACF9325] : 0B
R [0ACF9325] : 0
S [0ACF8EFE] : (0B)
R [0ACF8EC0] : 0
S [0ACF8CAD] : (07)
R [0ACF5C75] : 0
S [0ACF5C27] : (410F140000080)
R [0ACF5C27] : 0
S [0ACF5BD9] : (410F138000080)
R [0ACF5BD9] : 0000000000000000000000000000000000000000000000000000000000000138400010F3DD50000000000
S [0ACF5BB9] : (40)
R [0ACF5BAA] : 0
S [0ACF5B3C] : (21)
R [0ACF5B3C] : 0
S [0ACF48ED] : 0B
R [0ACF48ED] : 0
S [0ACF44C6] : (0B)
R [0ACF4488] : 0
S [0ACF4275] : (07)
R [0ACF347A] : 006E400000000000003F100000B210488046A000000000488000000000B1D0E5B00C10F13F704000FF800
S [0ACF346B] : (40)
R [0ACF346B] : 01
S [0ACF345B] : (34)
R [0ACF345B] : 010F13F7
S [0ACF345B] : (35)
R [0ACF345B] : 006E400000000000003F100000B210488046A000000000488000000000B1D0E5B00C10F13F704000FF800
S [0ACF344C] : (40)
R [0ACF344C] : 01
S [0ACF342C] : (34)
R [0ACF342C] : 010F13F7
S [0ACF342C] : (35)
R [0ACE2879] : 0
S [0ACE282B] : (330F3DD5)
R [0ACE282B] : 0000000000000000000000000000000000000000000000000000000000000138400010F3DD50000000000
S [0ACE27EC] : (40)
R [0ACE27AE] : 0
S [0ACE258B] : (07)
R [0ACE0B9A] : 0
S [0ACE0B4C] : (410F140000080)
R [0ACE0B4C] : 0
S [0ACE0AFE] : (410F138000080)
R [0ACE0AFE] : 0000000000000000000000000000000000000000000000000000000000000138400010F3DD50000000000
S [0ACE0ACF] : (40)
R [0ACE0ACF] : 0
S [0ACE0A62] : (21)
R [0ACE0A62] : 0
S [0ACDF812] : 0B
R [0ACDF812] : 0
S [0ACDF3EC] : (0B)
R [0ACDF3AD] : 0
S [0ACDF19A] : (07)
R [0ACD96D8] : 0
S [0ACD96B9] : (410F140000080)
R [0ACD96B9] : 0
S [0ACD96A9] : (410F138000080)
R [0ACD94F3] : 0114600000000000003F100000B010488046A000000000488000000000AFD0E5B00C50F13F104000FF800
S [0ACD94E4] : (40)
R [0ACD94E4] : 01
S [0ACD94E4] : (34)
R [0ACD94E4] : 010F13F1
S [0ACD94D4] : (35)
R [0ACD94D4] : 0114600000000000003F100000B010488046A000000000488000000000AFD0E5B00C50F13F104000FF800
S [0ACD94C5] : (40)
R [0ACD94C5] : 01
S [0ACD94A5] : (34)
R [0ACD94A5] : 010F13F1
S [0ACD94A5] : (35)
R [0ACD2F73] : 0
S [0ACD2E1B] : (330F3DD9)
R [0ACD2E1B] : 0000000000000000000000000000000000000000000000000000000000000138400010F3DD90000000000
S [0ACD2DDD] : (40)
R [0ACD2D9E] : 0
S [0ACD2B8B] : (07)
R [0ACD2A04] : 0
S [0ACD29C6] : (410F138000080)
R [0ACD29C6] : 0000000000000000000000000000000000000000000000000000000000000138400010F3DD90000000000
S [0ACD2997] : (40)
R [0ACD2987] : 0
S [0ACD292A] : (21)
R [0ACD292A] : 0
S [0ACD16CB] : 0B
R [0ACD16CB] : 0
S [0ACD12A4] : (0B)
R [0ACD1266] : 0
S [0ACD1043] : (07)
R [0ACD00E1] : 0000100010000000003F100010B0C0488046A000000000488000000000B080E5B00C50F13DD04000FF800
S [0ACD00C2] : (40)
R [0ACD00C2] : 01
S [0ACD00C2] : (34)
R [0ACD00C2] : 010F13DD
S [0ACD00C2] : (35)
R [0ACD00C2] : 0000100010000000003F100010B0C0488046A000000000488000000000B080E5B00C50F13DD04000FF800
S [0ACD00A3] : (40)
R [0ACD00A3] : 01
S [0ACD0093] : (34)
R [0ACD0093] : 010F13DD
S [0ACD0083] : (35)
R [0ACC5F23] : 0
S [0ACC5DCB] : (330F3DCD)
R [0ACC5DCB] : 0000000000000000000000000000000000000000000000000000000000000138400010F3DCD0000000000
S [0ACC5D8D] : (40)
R [0ACC5D4E] : 0
S [0ACC5B3B] : (07)
R [0ACC59B4] : 0
S [0ACC5966] : (410F138000080)
R [0ACC5966] : 0000000000000000000000000000000000000000000000000000000000000138400010F3DCD0000000000
S [0ACC5937] : (40)
R [0ACC5928] : 0
S [0ACC58CA] : (21)
R [0ACC58CA] : 0
S [0ACC466B] : 0B
R [0ACC466B] : 0
S [0ACC4244] : (0B)
R [0ACC4206] : 0
S [0ACC3FF3] : (07)
R [0ACC33DD] : 0009201010000000003F100000B1B0488046A000000000488000000000B170E5B00C50F13E504000FF800
S [0ACC33CD] : (40)
R [0ACC33CD] : 01
S [0ACC33CD] : (34)
R [0ACC33CD] : 010F13E5
S [0ACC33BE] : (35)
R [0ACC33BE] : 0009201010000000003F100000B1B0488046A000000000488000000000B170E5B00C50F13E504000FF800
S [0ACC33AE] : (40)
R [0ACC33AE] : 01
S [0ACC338F] : (34)
R [0ACC338F] : 010F13E5
S [0ACC338F] : (35)
R [0ACBF5CA] : 0
S [0ACBF57C] : (330F3DCD)
R [0ACBF57C] : 0000000000000000000000000000000000000000000000000000000000000138400010F3DCD0000000000
S [0ACBF53E] : (40)
R [0ACBF4FF] : 0
S [0ACBF2EC] : (07)
R [0ACBED9C] : 0
S [0ACBED5E] : (410F138000080)
R [0ACBED5E] : 0000000000000000000000000000000000000000000000000000000000000138400010F3DCD0000000000
S [0ACBED2F] : (40)
